This is e-pTeX, Version 3.14159265-p3.8.1-180518-2.6 (utf8.sjis) (TeX Live 2018/W32TeX) (preloaded format=platex 2018.6.7)  11 JAN 2019 11:13
entering extended mode
 restricted \write18 enabled.
 %&-line parsing enabled.
**rep10.tex
(./rep10.tex
pLaTeX2e <2018-05-20> (based on LaTeX2e <2018-04-01> patch level 5)
(d:/Application/w32tex/download/share/texmf-dist/tex/platex/base/jarticle.cls
Document Class: jarticle 2018/02/04 v1.7h Standard pLaTeX class
\c@@paper=\count83
(d:/Application/w32tex/download/share/texmf-dist/tex/platex/base/jsize12.clo
File: jsize12.clo 2018/02/04 v1.7h Standard pLaTeX file (size option)
)
\c@part=\count84
\c@section=\count85
\c@subsection=\count86
\c@subsubsection=\count87
\c@paragraph=\count88
\c@subparagraph=\count89
\c@figure=\count90
\c@table=\count91
\abovecaptionskip=\skip41
\belowcaptionskip=\skip42
\symmincho=\mathgroup4
LaTeX Font Info:    Overwriting symbol font `mincho' in version `bold'
(Font)                  JY1/mc/m/n --> JY1/gt/m/n on input line 614.
\toclineskip=\dimen118
\@lnumwidth=\dimen119
\bibindent=\dimen120
\heisei=\count92
)
(d:/Application/w32tex/download/share/texmf-dist/tex/latex/graphics/graphicx.st
y
Package: graphicx 2017/06/01 v1.1a Enhanced LaTeX Graphics (DPC,SPQR)

(d:/Application/w32tex/download/share/texmf-dist/tex/latex/graphics/keyval.sty
Package: keyval 2014/10/28 v1.15 key=value parser (DPC)
\KV@toks@=\toks15
)
(d:/Application/w32tex/download/share/texmf-dist/tex/latex/graphics/graphics.st
y
Package: graphics 2017/06/25 v1.2c Standard LaTeX Graphics (DPC,SPQR)
 (d:/Application/w32tex/download/share/texmf-dist/tex/latex/graphics/trig.sty
Package: trig 2016/01/03 v1.10 sin cos tan (DPC)
)
(d:/Application/w32tex/download/share/texmf-dist/tex/latex/graphics-cfg/graphic
s.cfg
File: graphics.cfg 2016/06/04 v1.11 sample graphics configuration
)
Package graphics Info: Driver file: dvips.def on input line 99.

(d:/Application/w32tex/download/share/texmf-dist/tex/latex/graphics-def/dvips.d
ef
File: dvips.def 2017/06/20 v3.1d Graphics/color driver for dvips
))
\Gin@req@height=\dimen121
\Gin@req@width=\dimen122
)
(d:/Application/w32tex/download/share/texmf-dist/tex/latex/fancyhdr/fancyhdr.st
y
Package: fancyhdr 2017/06/30 v3.9a Extensive control of page headers and footer
s
\f@nch@headwidth=\skip43
\f@nch@O@elh=\skip44
\f@nch@O@erh=\skip45
\f@nch@O@olh=\skip46
\f@nch@O@orh=\skip47
\f@nch@O@elf=\skip48
\f@nch@O@erf=\skip49
\f@nch@O@olf=\skip50
\f@nch@O@orf=\skip51
)
(d:/Application/w32tex/download/share/texmf-dist/tex/latex/lastpage/lastpage.st
y
Package: lastpage 2015/03/29 v1.2m Refers to last page's name (HMM; JPG)
) (d:/Application/w32tex/download/share/texmf-dist/tex/latex/ascmac/ascmac.sty
Package: ascmac 2018/03/09 v2.0h ascmac wrapper (community edition) 
(d:/Application/w32tex/download/share/texmf-dist/tex/latex/ascmac/tascmac.sty
Package: tascmac 2018/03/09 v2.0h ascmac package (community edition) 
\@savetbaselineshift=\dimen123
\@saveybaselineshift=\dimen124
\scb@x=\box42
\scscb@x=\box43
\@bw=\dimen125
\@nbox=\box44
\@nbody=\box45
\@scw=\dimen126
\ascmac@hoboxa=\box46
\ascmac@hoboxb=\box47
\@itemh=\dimen127
\@iboxpos=\toks16
\@iboxstr=\box48
\@bwsp=\box49
\@@bwsp=\box50
\@bcal=\count93
\shaderule=\dimen128
))

! LaTeX Error: Option clash for package graphicx.

See the LaTeX manual or LaTeX Companion for explanation.
Type  H <return>  for immediate help.
 ...                                              
                                                  
l.9 \usepackage
               {here}
? 
(d:/Application/w32tex/download/share/texmf-dist/tex/latex/here/here.sty)
(d:/Application/w32tex/download/share/texmf-dist/tex/latex/float/float.sty
Package: float 2001/11/08 v1.3d Float enhancements (AL)
\c@float@type=\count94
\float@exts=\toks17
\float@box=\box51
\@float@everytoks=\toks18
\@floatcapt=\box52
)
(d:/Application/w32tex/download/share/texmf-dist/tex/latex/framed/framed.sty
Package: framed 2011/10/22 v 0.96: framed or shaded text with page breaks
\OuterFrameSep=\skip52
\fb@frw=\dimen129
\fb@frh=\dimen130
\FrameRule=\dimen131
\FrameSep=\dimen132
)
(d:/Application/w32tex/download/share/texmf-dist/tex/latex/tools/array.sty
Package: array 2018/04/30 v2.4h Tabular extension package (FMi)
\col@sep=\dimen133
\ar@mcellbox=\box53
\extrarowheight=\dimen134
\NC@list=\toks19
\extratabsurround=\skip53
\backup@length=\skip54
\ar@cellbox=\box54
)
(d:/Application/w32tex/download/share/texmf-dist/tex/latex/geometry/geometry.st
y
Package: geometry 2018/04/16 v5.8 Page Geometry

(d:/Application/w32tex/download/share/texmf-dist/tex/generic/oberdiek/ifpdf.sty
Package: ifpdf 2017/03/15 v3.2 Provides the ifpdf switch
)
(d:/Application/w32tex/download/share/texmf-dist/tex/generic/oberdiek/ifvtex.st
y
Package: ifvtex 2016/05/16 v1.6 Detect VTeX and its facilities (HO)
Package ifvtex Info: VTeX not detected.
)
(d:/Application/w32tex/download/share/texmf-dist/tex/generic/ifxetex/ifxetex.st
y
Package: ifxetex 2010/09/12 v0.6 Provides ifxetex conditional
)
\Gm@cnth=\count95
\Gm@cntv=\count96
\c@Gm@tempcnt=\count97
\Gm@bindingoffset=\dimen135
\Gm@wd@mp=\dimen136
\Gm@odd@mp=\dimen137
\Gm@even@mp=\dimen138
\Gm@layoutwidth=\dimen139
\Gm@layoutheight=\dimen140
\Gm@layouthoffset=\dimen141
\Gm@layoutvoffset=\dimen142
\Gm@dimlist=\toks20

(d:/Application/w32tex/download/share/texmf-dist/tex/latex/geometry/geometry.cf
g)) (./rep10.aux

LaTeX Warning: Label `fig:b' multiply defined.


LaTeX Warning: Label `fig:b' multiply defined.


LaTeX Warning: Label `fig:b' multiply defined.


LaTeX Warning: Label `fig:b' multiply defined.


LaTeX Warning: Label `fig:b' multiply defined.


LaTeX Warning: Label `fig:b' multiply defined.


LaTeX Warning: Label `fig:b' multiply defined.


LaTeX Warning: Label `fig:b' multiply defined.


LaTeX Warning: Label `fig:b' multiply defined.

)
\openout1 = `rep10.aux'.

LaTeX Font Info:    Checking defaults for OML/cmm/m/it on input line 21.
LaTeX Font Info:    ... okay on input line 21.
LaTeX Font Info:    Checking defaults for T1/cmr/m/n on input line 21.
LaTeX Font Info:    ... okay on input line 21.
LaTeX Font Info:    Checking defaults for OT1/cmr/m/n on input line 21.
LaTeX Font Info:    ... okay on input line 21.
LaTeX Font Info:    Checking defaults for OMS/cmsy/m/n on input line 21.
LaTeX Font Info:    ... okay on input line 21.
LaTeX Font Info:    Checking defaults for OMX/cmex/m/n on input line 21.
LaTeX Font Info:    ... okay on input line 21.
LaTeX Font Info:    Checking defaults for U/cmr/m/n on input line 21.
LaTeX Font Info:    ... okay on input line 21.
LaTeX Font Info:    Checking defaults for JY1/mc/m/n on input line 21.
LaTeX Font Info:    ... okay on input line 21.
LaTeX Font Info:    Checking defaults for JT1/mc/m/n on input line 21.
LaTeX Font Info:    ... okay on input line 21.
Package lastpage Info: Please have a look at the pageslts package at
(lastpage)             https://www.ctan.org/pkg/pageslts
(lastpage)             ! on input line 21.

*geometry* driver: auto-detecting
*geometry* detected driver: dvips
*geometry* verbose mode - [ preamble ] result:
* driver: dvips
* paper: a4paper
* layout: <same size as paper>
* layoutoffset:(h,v)=(0.0pt,0.0pt)
* modes: 
* h-part:(L,W,R)=(71.13188pt, 455.24411pt, 71.13188pt)
* v-part:(T,H,B)=(85.35826pt, 674.33032pt, 85.35826pt)
* \paperwidth=597.50787pt
* \paperheight=845.04684pt
* \textwidth=455.24411pt
* \textheight=674.33032pt
* \oddsidemargin=-1.1381pt
* \evensidemargin=-1.1381pt
* \topmargin=-23.91173pt
* \headheight=12.0pt
* \headsep=25.0pt
* \topskip=9.33105pt
* \footskip=30.0pt
* \marginparwidth=83.0pt
* \marginparsep=10.0pt
* \columnsep=10.0pt
* \skip\footins=10.8pt plus 4.0pt minus 2.0pt
* \hoffset=0.0pt
* \voffset=0.0pt
* \mag=1000
* \@twocolumnfalse
* \@twosidefalse
* \@mparswitchfalse
* \@reversemarginfalse
* (1in=72.27pt=25.4mm, 1cm=28.453pt)

LaTeX Font Info:    Font shape `JT1/mc/bx/n' in size <17.28> not available
(Font)              Font shape `JT1/gt/m/n' tried instead on input line 24.
LaTeX Font Info:    Font shape `JY1/mc/bx/n' in size <17.28> not available
(Font)              Font shape `JY1/gt/m/n' tried instead on input line 24.
LaTeX Font Info:    Font shape `JT1/mc/bx/n' in size <14.4> not available
(Font)              Font shape `JT1/gt/m/n' tried instead on input line 25.
LaTeX Font Info:    Font shape `JY1/mc/bx/n' in size <14.4> not available
(Font)              Font shape `JY1/gt/m/n' tried instead on input line 25.
LaTeX Font Info:    Font shape `JT1/mc/bx/n' in size <12> not available
(Font)              Font shape `JT1/gt/m/n' tried instead on input line 30.
LaTeX Font Info:    Font shape `JY1/mc/bx/n' in size <12> not available
(Font)              Font shape `JY1/gt/m/n' tried instead on input line 30.
[1

]
File: 10-2.eps Graphic file (type eps)
 <10-2.eps>
Overfull \hbox (56.90549pt too wide) in paragraph at lines 48--50
 [][] 
 []

[2] [3] [4]
LaTeX Font Info:    External font `cmex10' loaded for size
(Font)              <12> on input line 102.
LaTeX Font Info:    External font `cmex10' loaded for size
(Font)              <8> on input line 102.
LaTeX Font Info:    External font `cmex10' loaded for size
(Font)              <6> on input line 102.
File: 10-3-1.eps Graphic file (type eps)
 <10-3-1.eps>
File: 10-3-2.eps Graphic file (type eps)
 <10-3-2.eps>
File: 10-3-3.eps Graphic file (type eps)
 <10-3-3.eps>
File: 10-3-4.eps Graphic file (type eps)
 <10-3-4.eps>
Overfull \hbox (47.14676pt too wide) in paragraph at lines 102--141
 [] 
 []

File: 10-3-5.eps Graphic file (type eps)
<10-3-5.eps>
File: 10-3-6.eps Graphic file (type eps)
 <10-3-6.eps>
Overfull \hbox (61.44379pt too wide) in paragraph at lines 148--167
 [] 
 []

File: 10-3-7.eps Graphic file (type eps)
<10-3-7.eps>
File: 10-3-8.eps Graphic file (type eps)
 <10-3-8.eps>
File: 10-3-9.eps Graphic file (type eps)
 <10-3-9.eps>
File: 10-3-10.eps Graphic file (type eps)
 <10-3-10.eps>
Overfull \hbox (65.36041pt too wide) in paragraph at lines 174--213
 [] 
 []

File: 10-3-11.eps Graphic file (type eps)
<10-3-11.eps>
File: 10-3-12.eps Graphic file (type eps)
 <10-3-12.eps>
File: 10-3-13.eps Graphic file (type eps)
 <10-3-13.eps>
File: 10-3-14.eps Graphic file (type eps)
 <10-3-14.eps>
File: 10-3-15.eps Graphic file (type eps)
 <10-3-15.eps>
Overfull \hbox (65.36041pt too wide) in paragraph at lines 220--271
 [] 
 []

File: 10-3-16.eps Graphic file (type eps)
<10-3-16.eps>
File: 10-3-17.eps Graphic file (type eps)
 <10-3-17.eps>
File: 10-3-18.eps Graphic file (type eps)
 <10-3-18.eps>
File: 10-3-19.eps Graphic file (type eps)
 <10-3-19.eps>
File: 10-3-20.eps Graphic file (type eps)
 <10-3-20.eps>
Overfull \hbox (65.36041pt too wide) in paragraph at lines 278--329
 [] 
 []

File: 10-3-21.eps Graphic file (type eps)
<10-3-21.eps>
File: 10-3-22.eps Graphic file (type eps)
 <10-3-22.eps>
File: 10-3-23.eps Graphic file (type eps)
 <10-3-23.eps>
File: 10-3-24.eps Graphic file (type eps)
 <10-3-24.eps>
Overfull \hbox (65.36041pt too wide) in paragraph at lines 336--375
 [] 
 []

File: 10-3-25.eps Graphic file (type eps)
<10-3-25.eps>
File: 10-3-26.eps Graphic file (type eps)
 <10-3-26.eps>
File: 10-3-27.eps Graphic file (type eps)
 <10-3-27.eps>
File: 10-3-28.eps Graphic file (type eps)
 <10-3-28.eps>
File: 10-3-29.eps Graphic file (type eps)
 <10-3-29.eps>
Overfull \hbox (65.36041pt too wide) in paragraph at lines 382--433
 [] 
 []


LaTeX Warning: Float too large for page by 5.54247pt on input line 436.

File: 10-3-30.eps Graphic file (type eps)
<10-3-30.eps>
File: 10-3-31.eps Graphic file (type eps)
 <10-3-31.eps>
File: 10-3-32.eps Graphic file (type eps)
 <10-3-32.eps>
File: 10-3-33.eps Graphic file (type eps)
 <10-3-33.eps>
File: 10-3-34.eps Graphic file (type eps)
 <10-3-34.eps>
Overfull \hbox (65.36041pt too wide) in paragraph at lines 440--491
 [] 
 []


LaTeX Warning: Float too large for page by 5.54247pt on input line 494.

File: 10-3-37.eps Graphic file (type eps)
<10-3-37.eps>
File: 10-3-38.eps Graphic file (type eps)
 <10-3-38.eps>
File: 10-3-39.eps Graphic file (type eps)
 <10-3-39.eps>
Overfull \hbox (65.36041pt too wide) in paragraph at lines 498--529
 [] 
 []

File: 10-3-35.eps Graphic file (type eps)
<10-3-35.eps>
File: 10-3-36.eps Graphic file (type eps)
 <10-3-36.eps>
File: 10-3-40.eps Graphic file (type eps)
 <10-3-40.eps>
Overfull \hbox (65.36041pt too wide) in paragraph at lines 536--567
 [] 
 []

File: 10-3-41.eps Graphic file (type eps)
<10-3-41.eps>
File: 10-3-42.eps Graphic file (type eps)
 <10-3-42.eps>
Overfull \hbox (61.44379pt too wide) in paragraph at lines 575--594
 [] 
 []

[5] [6] [7] [8] [9] [10] [11] [12] [13] [14] [15]
Overfull \hbox (69.31314pt too wide) in paragraph at lines 699--699
[]      \OT1/cmtt/m/n/8 choices.push("<li><form method='post' name='form1' acti
on=#{url}><input type='hidden' name='id' value=#{line[0]}>[] 
 []


Overfull \hbox (26.81253pt too wide) in paragraph at lines 699--699
[]      \OT1/cmtt/m/n/8 choices.push("<li><form method='post' name='form1' acti
on=#{url} onclick='return gate(\"#{line[4]}\")'>[] 
 []

[16] [17]
Overfull \hbox (65.06308pt too wide) in paragraph at lines 873--873
[]        \OT1/cmtt/m/n/8 <meta http-equiv="refresh" content="1;URL=http://cgi.
u.tsukuba.ac.jp/~s1711466/local_only/wp/world_create.rb">[] 
 []


Overfull \hbox (56.56296pt too wide) in paragraph at lines 873--873
[]      \OT1/cmtt/m/n/8 db.execute("INSERT INTO world(name,creator,summary,pass
) VALUES(?,?,?,?)", wname,creator,summary,pass) # world
 []

[18]
Overfull \hbox (379.5676pt too wide) in paragraph at lines 958--958
[]      \OT1/cmtt/m/n/8 choices.push("<li><form method='post' name='form1' acti
on=#{url}><input type='hidden' name='wid' value=#{line[0]}><a href='javascript:
form1[#{cnt}].submit()'>#{line[2]}</a></form></li>")[] 
 []


Overfull \hbox (379.5676pt too wide) in paragraph at lines 958--958
[]      \OT1/cmtt/m/n/8 choices.push("<li><form method='post' name='form1' acti
on=#{url}><input type='hidden' name='wid' value=#{line[0]}><a href='javascript:
form1[#{cnt}].submit()'>#{line[2]}</a></form></li>")[] 
 []

[19] [20]
Underfull \hbox (badness 10000) in paragraph at lines 1088--1088
[]  \OT1/cmtt/m/n/8 sql = w_name + 'w' + id + ' (creator,word,ruby,content,rela
tion,pass) VALUES(?,?,?,?,?,?)' # \JY1/mc/m/n/8 デ ータ
 []


Overfull \hbox (5.56223pt too wide) in paragraph at lines 1088--1088
[]  \OT1/cmtt/m/n/8 <form method='post' name='form1' action="http://cgi.u.tsuku
ba.ac.jp/~s1711466/local_only/wp/words.rb">[] 
 []

[21] [22] [23]
Overfull \hbox (14.06235pt too wide) in paragraph at lines 1337--1337
[]    \OT1/cmtt/m/n/8 <form method='post' name='form1' action="http://cgi.u.tsu
kuba.ac.jp/~s1711466/local_only/wp/words.rb">[] 
 []


Overfull \hbox (26.81253pt too wide) in paragraph at lines 1337--1337
[]  \OT1/cmtt/m/n/8 <form method='post' name='form1' action="http://cgi.u.tsuku
ba.ac.jp/~s1711466/local_only/wp/words_page.rb">[] 
 []

[24]
Overfull \hbox (65.06308pt too wide) in paragraph at lines 1404--1404
[]    \OT1/cmtt/m/n/8 choices.push("<li><form method='post' name='form1' action
=#{url}><input type='hidden' name='cid' value=#{line[0]}>[] 
 []

[25] [26]
Overfull \hbox (113.95901pt too wide) in paragraph at lines 1554--1554
[]  \OT1/cmtt/m/n/8 sql = c_name + 'c' + id + ' (creator,chara,ruby,age,sex,hei
ght,weight,content,relation,pass) VALUES(?,?,?,?,?,?,?,?,?,?)' # \JY1/mc/m/n/8 
デ ー
 []


Underfull \hbox (badness 3271) in paragraph at lines 1554--1554
[]      \OT1/cmtt/m/n/8 db.execute(sql, creator,chara,ruby,age,sex,height,weigh
t,content,relation,pass) # c \JY1/mc/m/n/8 ○テ ーブルに
 []


Overfull \hbox (5.56223pt too wide) in paragraph at lines 1554--1554
[]  \OT1/cmtt/m/n/8 <form method='post' name='form1' action="http://cgi.u.tsuku
ba.ac.jp/~s1711466/local_only/wp/chara.rb">[] 
 []

[27] [28] [29]
Overfull \hbox (14.06235pt too wide) in paragraph at lines 1851--1851
[]    \OT1/cmtt/m/n/8 <form method='post' name='form1' action="http://cgi.u.tsu
kuba.ac.jp/~s1711466/local_only/wp/chara.rb">[] 
 []


Overfull \hbox (26.81253pt too wide) in paragraph at lines 1851--1851
[]  \OT1/cmtt/m/n/8 <form method='post' name='form1' action="http://cgi.u.tsuku
ba.ac.jp/~s1711466/local_only/wp/chara_page.rb">[] 
 []

[30]
Underfull \vbox (badness 10000) detected at line 1852
 []


Overfull \vbox (1.66739pt too high) detected at line 1852
 []

[31] 
AED: lastpage setting LastPage
[32] (./rep10.aux)

LaTeX Warning: There were multiply-defined labels.

 ) 
Here is how much of TeX's memory you used:
 1714 strings out of 493272
 23886 string characters out of 6146850
 118954 words of memory out of 5000000
 5611 multiletter control sequences out of 15000+600000
 14787 words of font info for 59 fonts, out of 8000000 for 9000
 929 hyphenation exceptions out of 8191
 25i,11n,43p,478b,530s stack positions out of 5000i,500n,10000p,500000b,80000s

Output written on rep10.dvi (32 pages, 69024 bytes).
